# JRE version: OpenJDK Runtime Environment Temurin-11.0.15+10 (11.0.15+10) (build 11.0.15+10)
# Java VM: OpenJDK 64-Bit Server VM Temurin-11.0.15+10 (11.0.15+10, mixed mode, tiered, compressed oops, g1 gc, windows-amd64)
Heap:
 garbage-first heap   total 57344K, used 7092K [0x00000000c9e00000, 0x0000000100000000)
  region size 1024K, 4 young (4096K), 2 survivors (2048K)
 Metaspace       used 21749K, capacity 22047K, committed 22272K, reserved 1069056K
  class space    used 2316K, capacity 2435K, committed 2560K, reserved 1048576K
GC Heap History (8 events):
Event: 2.030 GC heap before
{Heap before GC invocations=0 (full 0):
 garbage-first heap   total 57344K, used 18432K [0x00000000c9e00000, 0x0000000100000000)
  region size 1024K, 14 young (14336K), 0 survivors (0K)
 Metaspace       used 13275K, capacity 13459K, committed 13824K, reserved 1060864K
  class space    used 1336K, capacity 1418K, committed 1536K, reserved 1048576K
}
Event: 2.214 GC heap after
{Heap after GC invocations=1 (full 0):
 garbage-first heap   total 57344K, used 4692K [0x00000000c9e00000, 0x0000000100000000)
  region size 1024K, 2 young (2048K), 2 survivors (2048K)
 Metaspace       used 13275K, capacity 13459K, committed 13824K, reserved 1060864K
  class space    used 1336K, capacity 1418K, committed 1536K, reserved 1048576K
}
Event: 3.542 GC heap before
{Heap before GC invocations=1 (full 0):
 garbage-first heap   total 57344K, used 7764K [0x00000000c9e00000, 0x0000000100000000)
  region size 1024K, 6 young (6144K), 2 survivors (2048K)
 Metaspace       used 14838K, capacity 15033K, committed 15104K, reserved 1062912K
  class space    used 1450K, capacity 1516K, committed 1536K, reserved 1048576K
}
Event: 3.550 GC heap after
{Heap after GC invocations=2 (full 0):
 garbage-first heap   total 57344K, used 5367K [0x00000000c9e00000, 0x0000000100000000)
  region size 1024K, 1 young (1024K), 1 survivors (1024K)
 Metaspace       used 14838K, capacity 15033K, committed 15104K, reserved 1062912K
  class space    used 1450K, capacity 1516K, committed 1536K, reserved 1048576K
}
Event: 4.114 GC heap before
{Heap before GC invocations=2 (full 0):
 garbage-first heap   total 57344K, used 15607K [0x00000000c9e00000, 0x0000000100000000)
  region size 1024K, 11 young (11264K), 1 survivors (1024K)
 Metaspace       used 17616K, capacity 17881K, committed 18048K, reserved 1064960K
  class space    used 1810K, capacity 1868K, committed 1920K, reserved 1048576K
}
Event: 4.117 GC heap after
{Heap after GC invocations=3 (full 0):
 garbage-first heap   total 57344K, used 5375K [0x00000000c9e00000, 0x0000000100000000)
  region size 1024K, 1 young (1024K), 1 survivors (1024K)
 Metaspace       used 17616K, capacity 17881K, committed 18048K, reserved 1064960K
  class space    used 1810K, capacity 1868K, committed 1920K, reserved 1048576K
}
Event: 4.470 GC heap before
{Heap before GC invocations=3 (full 0):
 garbage-first heap   total 57344K, used 13567K [0x00000000c9e00000, 0x0000000100000000)
  region size 1024K, 10 young (10240K), 1 survivors (1024K)
 Metaspace       used 20843K, capacity 21119K, committed 21248K, reserved 1069056K
  class space    used 2204K, capacity 2294K, committed 2304K, reserved 1048576K
}
Event: 4.475 GC heap after
{Heap after GC invocations=4 (full 0):
 garbage-first heap   total 57344K, used 6068K [0x00000000c9e00000, 0x0000000100000000)
  region size 1024K, 2 young (2048K), 2 survivors (2048K)
 Metaspace       used 20843K, capacity 21119K, committed 21248K, reserved 1069056K
  class space    used 2204K, capacity 2294K, committed 2304K, reserved 1048576K
}

